# JRE version: OpenJDK Runtime Environment Temurin-21.0.8+9 (21.0.8+9) (build 21.0.8+9-LTS)
# Java VM: OpenJDK 64-Bit Server VM Temurin-21.0.8+9 (21.0.8+9-LTS, mixed mode, sharing, tiered, compressed oops, compressed class ptrs, g1 gc, windows-amd64)
GC Precious Log:
 CardTable entry size: 512
 Card Set container configuration: InlinePtr #cards 4 size 8 Array Of Cards #cards 32 size 80 Howl #buckets 8 coarsen threshold 7372 Howl Bitmap #cards 1024 size 144 coarsen threshold 921 Card regions per heap region 1 cards per card region 8192
 CPUs: 16 total, 16 available
 Memory: 15661M
 Large Page Support: Disabled
 NUMA Support: Disabled
 Compressed Oops: Enabled (Zero based)
 Heap Region Size: 4M
 Heap Min Capacity: 8M
 Heap Initial Capacity: 248M
 Heap Max Capacity: 8G
 Pre-touch: Disabled
 Parallel Workers: 13
 Concurrent Workers: 3
 Concurrent Refinement Workers: 13
 Periodic GC: Disabled
Heap:
 garbage-first heap   total 200704K, used 171347K [0x0000000600000000, 0x0000000800000000)
  region size 4096K, 16 young (65536K), 2 survivors (8192K)
 Metaspace       used 95446K, committed 97728K, reserved 1179648K
  class space    used 13588K, committed 14720K, reserved 1048576K
GC Heap History (20 events):
Event: 18.232 GC heap before
{Heap before GC invocations=24 (full 0):
 garbage-first heap   total 143360K, used 112988K [0x0000000600000000, 0x0000000800000000)
  region size 4096K, 12 young (49152K), 2 survivors (8192K)
 Metaspace       used 76676K, committed 78848K, reserved 1179648K
  class space    used 11177K, committed 12224K, reserved 1048576K
}
Event: 18.238 GC heap after
{Heap after GC invocations=25 (full 0):
 garbage-first heap   total 143360K, used 80120K [0x0000000600000000, 0x0000000800000000)
  region size 4096K, 2 young (8192K), 2 survivors (8192K)
 Metaspace       used 76676K, committed 78848K, reserved 1179648K
  class space    used 11177K, committed 12224K, reserved 1048576K
}
Event: 18.766 GC heap before
{Heap before GC invocations=25 (full 0):
 garbage-first heap   total 143360K, used 121080K [0x0000000600000000, 0x0000000800000000)
  region size 4096K, 12 young (49152K), 2 survivors (8192K)
 Metaspace       used 76742K, committed 78912K, reserved 1179648K
  class space    used 11179K, committed 12224K, reserved 1048576K
}
Event: 18.773 GC heap after
{Heap after GC invocations=26 (full 0):
 garbage-first heap   total 143360K, used 81949K [0x0000000600000000, 0x0000000800000000)
  region size 4096K, 1 young (4096K), 1 survivors (4096K)
 Metaspace       used 76742K, committed 78912K, reserved 1179648K
  class space    used 11179K, committed 12224K, reserved 1048576K
}
Event: 19.086 GC heap before
{Heap before GC invocations=26 (full 0):
 garbage-first heap   total 143360K, used 118813K [0x0000000600000000, 0x0000000800000000)
  region size 4096K, 11 young (45056K), 1 survivors (4096K)
 Metaspace       used 76749K, committed 78912K, reserved 1179648K
  class space    used 11179K, committed 12224K, reserved 1048576K
}
Event: 19.090 GC heap after
{Heap after GC invocations=27 (full 0):
 garbage-first heap   total 143360K, used 83541K [0x0000000600000000, 0x0000000800000000)
  region size 4096K, 2 young (8192K), 2 survivors (8192K)
 Metaspace       used 76749K, committed 78912K, reserved 1179648K
  class space    used 11179K, committed 12224K, reserved 1048576K
}
Event: 19.517 GC heap before
{Heap before GC invocations=28 (full 0):
 garbage-first heap   total 151552K, used 112213K [0x0000000600000000, 0x0000000800000000)
  region size 4096K, 10 young (40960K), 2 survivors (8192K)
 Metaspace       used 77016K, committed 79232K, reserved 1179648K
  class space    used 11211K, committed 12288K, reserved 1048576K
}
Event: 19.520 GC heap after
{Heap after GC invocations=29 (full 0):
 garbage-first heap   total 151552K, used 85637K [0x0000000600000000, 0x0000000800000000)
  region size 4096K, 2 young (8192K), 2 survivors (8192K)
 Metaspace       used 77016K, committed 79232K, reserved 1179648K
  class space    used 11211K, committed 12288K, reserved 1048576K
}
Event: 20.442 GC heap before
{Heap before GC invocations=29 (full 0):
 garbage-first heap   total 151552K, used 122501K [0x0000000600000000, 0x0000000800000000)
  region size 4096K, 12 young (49152K), 2 survivors (8192K)
 Metaspace       used 78406K, committed 80576K, reserved 1179648K
  class space    used 11375K, committed 12416K, reserved 1048576K
}
Event: 20.448 GC heap after
{Heap after GC invocations=30 (full 0):
 garbage-first heap   total 159744K, used 103722K [0x0000000600000000, 0x0000000800000000)
  region size 4096K, 2 young (8192K), 2 survivors (8192K)
 Metaspace       used 78406K, committed 80576K, reserved 1179648K
  class space    used 11375K, committed 12416K, reserved 1048576K
}
Event: 21.004 GC heap before
{Heap before GC invocations=30 (full 0):
 garbage-first heap   total 159744K, used 128298K [0x0000000600000000, 0x0000000800000000)
  region size 4096K, 9 young (36864K), 2 survivors (8192K)
 Metaspace       used 80492K, committed 82688K, reserved 1179648K
  class space    used 11627K, committed 12736K, reserved 1048576K
}
Event: 21.007 GC heap after
{Heap after GC invocations=31 (full 0):
 garbage-first heap   total 159744K, used 105746K [0x0000000600000000, 0x0000000800000000)
  region size 4096K, 1 young (4096K), 1 survivors (4096K)
 Metaspace       used 80492K, committed 82688K, reserved 1179648K
  class space    used 11627K, committed 12736K, reserved 1048576K
}
Event: 21.877 GC heap before
{Heap before GC invocations=32 (full 0):
 garbage-first heap   total 184320K, used 134418K [0x0000000600000000, 0x0000000800000000)
  region size 4096K, 8 young (32768K), 1 survivors (4096K)
 Metaspace       used 82947K, committed 85056K, reserved 1179648K
  class space    used 11897K, committed 12928K, reserved 1048576K
}
Event: 21.880 GC heap after
{Heap after GC invocations=33 (full 0):
 garbage-first heap   total 184320K, used 107537K [0x0000000600000000, 0x0000000800000000)
  region size 4096K, 1 young (4096K), 1 survivors (4096K)
 Metaspace       used 82947K, committed 85056K, reserved 1179648K
  class space    used 11897K, committed 12928K, reserved 1048576K
}
Event: 22.356 GC heap before
{Heap before GC invocations=33 (full 0):
 garbage-first heap   total 184320K, used 156689K [0x0000000600000000, 0x0000000800000000)
  region size 4096K, 14 young (57344K), 1 survivors (4096K)
 Metaspace       used 85713K, committed 87936K, reserved 1179648K
  class space    used 12264K, committed 13312K, reserved 1048576K
}
Event: 22.360 GC heap after
{Heap after GC invocations=34 (full 0):
 garbage-first heap   total 184320K, used 110569K [0x0000000600000000, 0x0000000800000000)
  region size 4096K, 2 young (8192K), 2 survivors (8192K)
 Metaspace       used 85713K, committed 87936K, reserved 1179648K
  class space    used 12264K, committed 13312K, reserved 1048576K
}
Event: 23.056 GC heap before
{Heap before GC invocations=34 (full 0):
 garbage-first heap   total 184320K, used 163817K [0x0000000600000000, 0x0000000800000000)
  region size 4096K, 15 young (61440K), 2 survivors (8192K)
 Metaspace       used 89921K, committed 92160K, reserved 1179648K
  class space    used 12815K, committed 13888K, reserved 1048576K
}
Event: 23.060 GC heap after
{Heap after GC invocations=35 (full 0):
 garbage-first heap   total 184320K, used 113067K [0x0000000600000000, 0x0000000800000000)
  region size 4096K, 1 young (4096K), 1 survivors (4096K)
 Metaspace       used 89921K, committed 92160K, reserved 1179648K
  class space    used 12815K, committed 13888K, reserved 1048576K
}
Event: 24.219 GC heap before
{Heap before GC invocations=36 (full 0):
 garbage-first heap   total 200704K, used 162219K [0x0000000600000000, 0x0000000800000000)
  region size 4096K, 13 young (53248K), 1 survivors (4096K)
 Metaspace       used 91780K, committed 94016K, reserved 1179648K
  class space    used 13091K, committed 14208K, reserved 1048576K
}
Event: 24.223 GC heap after
{Heap after GC invocations=37 (full 0):
 garbage-first heap   total 200704K, used 118099K [0x0000000600000000, 0x0000000800000000)
  region size 4096K, 2 young (8192K), 2 survivors (8192K)
 Metaspace       used 91780K, committed 94016K, reserved 1179648K
  class space    used 13091K, committed 14208K, reserved 1048576K
}

